5/22|21:10:25 INFO [edu.unc.ils.mrc.hive.admin.AdminVocabularies] - Starting import of vocabulary agrovoc 
5/22|21:10:25 INFO [edu.unc.ils.mrc.hive.api.impl.elmo.SKOSSchemeImpl] - Loading vocabulary configuration from /Users/zhangle/temp/hive-data/agrovoc.properties 
5/22|21:12:28 INFO [edu.unc.ils.mrc.hive.admin.AdminVocabularies] - Starting import of vocabulary agrovoc 
5/22|21:12:28 INFO [edu.unc.ils.mrc.hive.api.impl.elmo.SKOSSchemeImpl] - Loading vocabulary configuration from /Users/zhangle/temp/hive-data/agrovoc.properties 
5/22|21:13:54 INFO [edu.unc.ils.mrc.hive.admin.AdminVocabularies] - Starting import of vocabulary agrovoc 
5/22|21:13:54 INFO [edu.unc.ils.mrc.hive.api.impl.elmo.SKOSSchemeImpl] - Loading vocabulary configuration from /Users/zhangle/temp/hive-data/agrovoc.properties 
5/22|21:14:04 INFO [edu.unc.ils.mrc.hive.admin.AdminVocabularies] - Starting import of vocabulary agrovoc 
5/22|21:14:04 INFO [edu.unc.ils.mrc.hive.api.impl.elmo.SKOSSchemeImpl] - Loading vocabulary configuration from /Users/zhangle/temp/hive-data/agrovoc.properties 
5/22|21:15:58 INFO [edu.unc.ils.mrc.hive.admin.AdminVocabularies] - Starting import of vocabulary agrovoc 
5/22|21:15:58 INFO [edu.unc.ils.mrc.hive.api.impl.elmo.SKOSSchemeImpl] - Loading vocabulary configuration from /Users/zhangle/temp/hive-data/hive.properties/agrovoc.properties 
5/22|21:15:58 ERROR [edu.unc.ils.mrc.hive.admin.AdminVocabularies] - Vocabulary import failed 
edu.unc.ils.mrc.hive.HiveException: Property file not found
	at edu.unc.ils.mrc.hive.api.impl.elmo.SKOSSchemeImpl.init(SKOSSchemeImpl.java:286)
	at edu.unc.ils.mrc.hive.api.impl.elmo.SKOSSchemeImpl.<init>(SKOSSchemeImpl.java:145)
	at edu.unc.ils.mrc.hive.admin.AdminVocabularies.main(AdminVocabularies.java:130)
Caused by: java.io.FileNotFoundException: /Users/zhangle/temp/hive-data/hive.properties/agrovoc.properties (Not a directory)
	at java.io.FileInputStream.open(Native Method)
	at java.io.FileInputStream.<init>(FileInputStream.java:138)
	at java.io.FileInputStream.<init>(FileInputStream.java:97)
	at edu.unc.ils.mrc.hive.api.impl.elmo.SKOSSchemeImpl.init(SKOSSchemeImpl.java:176)
	... 2 more
5/22|21:16:14 INFO [edu.unc.ils.mrc.hive.admin.AdminVocabularies] - Starting import of vocabulary agrovoc 
5/22|21:16:14 INFO [edu.unc.ils.mrc.hive.api.impl.elmo.SKOSSchemeImpl] - Loading vocabulary configuration from /Users/zhangle/temp/hive-data/agrovoc.properties 
5/22|21:16:25 INFO [edu.unc.ils.mrc.hive.admin.AdminVocabularies] - Starting import of vocabulary agrovoc 
5/22|21:16:25 INFO [edu.unc.ils.mrc.hive.api.impl.elmo.SKOSSchemeImpl] - Loading vocabulary configuration from /Users/zhangle/temp/hive-data/agrovoc.properties 
5/22|21:16:31 INFO [edu.unc.ils.mrc.hive.admin.AdminVocabularies] - Starting import of vocabulary agrovoc 
5/22|21:16:31 INFO [edu.unc.ils.mrc.hive.api.impl.elmo.SKOSSchemeImpl] - Loading vocabulary configuration from /Users/zhangle/temp/hive-data/agrovoc.properties 
5/22|21:21:29 INFO [edu.unc.ils.mrc.hive.admin.AdminVocabularies] - Starting import of vocabulary agrovoc 
5/22|21:21:29 INFO [edu.unc.ils.mrc.hive.api.impl.elmo.SKOSSchemeImpl] - Loading vocabulary configuration from /Users/zhangle/temp/hive-data/agrovoc.properties 
5/22|21:21:41 INFO [edu.unc.ils.mrc.hive.admin.AdminVocabularies] - Starting import of vocabulary agrovoc 
5/22|21:21:41 INFO [edu.unc.ils.mrc.hive.api.impl.elmo.SKOSSchemeImpl] - Loading vocabulary configuration from /Users/zhangle/temp/hive-data/agrovoc.properties 
5/22|21:23:18 INFO [edu.unc.ils.mrc.hive.admin.AdminVocabularies] - Starting import of vocabulary agrovoc 
5/22|21:23:18 INFO [edu.unc.ils.mrc.hive.api.impl.elmo.SKOSSchemeImpl] - Loading vocabulary configuration from /Users/zhangle/temp/hive-data/agrovoc.properties 
5/22|21:25:34 INFO [edu.unc.ils.mrc.hive.admin.AdminVocabularies] - Starting import of vocabulary agrovoc 
5/22|21:25:34 INFO [edu.unc.ils.mrc.hive.api.impl.elmo.SKOSSchemeImpl] - Loading vocabulary configuration from /Users/zhangle/temp/hive-data/agrovoc.properties 
5/22|21:34:40 INFO [edu.unc.ils.mrc.hive.admin.AdminVocabularies] - Starting import of vocabulary agrovoc 
5/22|21:34:40 INFO [edu.unc.ils.mrc.hive.api.impl.elmo.SKOSSchemeImpl] - Loading vocabulary configuration from /Users/zhangle/temp/hive-data/agrovoc.properties 
5/22|21:35:41 INFO [edu.unc.ils.mrc.hive.admin.AdminVocabularies] - Starting import of vocabulary agrovoc 
5/22|21:35:41 INFO [edu.unc.ils.mrc.hive.api.impl.elmo.SKOSSchemeImpl] - Loading vocabulary configuration from /Users/zhangle/temp/hive-data/agrovoc.properties 
5/22|21:36:27 INFO [edu.unc.ils.mrc.hive.admin.AdminVocabularies] - Starting import of vocabulary agrovoc 
5/22|21:36:27 INFO [edu.unc.ils.mrc.hive.api.impl.elmo.SKOSSchemeImpl] - Loading vocabulary configuration from /Users/zhangle/temp/hive-data/agrovoc.properties 
5/22|21:36:45 INFO [edu.unc.ils.mrc.hive.admin.AdminVocabularies] - Starting import of vocabulary agrovoc 
5/22|21:36:45 INFO [edu.unc.ils.mrc.hive.api.impl.elmo.SKOSSchemeImpl] - Loading vocabulary configuration from /Users/zhangle/temp/hive-data/agrovoc.properties 
5/22|21:37:13 INFO [edu.unc.ils.mrc.hive.admin.AdminVocabularies] - Starting import of vocabulary agrovoc 
5/22|21:37:13 INFO [edu.unc.ils.mrc.hive.api.impl.elmo.SKOSSchemeImpl] - Loading vocabulary configuration from /Users/zhangle/temp/hive-data/agrovoc.properties 
5/22|21:43:21 INFO [edu.unc.ils.mrc.hive.admin.AdminVocabularies] - Starting import of vocabulary agrovoc 
5/22|21:43:21 INFO [edu.unc.ils.mrc.hive.api.impl.elmo.SKOSSchemeImpl] - Loading vocabulary configuration from /Users/zhangle/temp/hive-data/agrovoc.properties 
5/22|21:45:15 INFO [edu.unc.ils.mrc.hive.admin.AdminVocabularies] - Starting import of vocabulary agrovoc 
5/22|21:45:15 INFO [edu.unc.ils.mrc.hive.api.impl.elmo.SKOSSchemeImpl] - Loading vocabulary configuration from /Users/zhangle/temp/hive-data/agrovoc.properties 
5/22|21:46:08 INFO [edu.unc.ils.mrc.hive.admin.AdminVocabularies] - Starting import of vocabulary agrovoc 
5/22|21:46:08 INFO [edu.unc.ils.mrc.hive.api.impl.elmo.SKOSSchemeImpl] - Loading vocabulary configuration from /Users/zhangle/temp/hive-data/agrovoc.properties 
