Performance Statistics   2013-03-19 10:03:10 - 2013-03-19 10:03:20
Tag                                                  Avg(ms)         Min         Max     Std Dev       Count
retrieveObjectStatForPath                              430.0           8         852       422.0           2

Performance Statistics   2013-03-19 10:03:20 - 2013-03-19 10:03:30
Tag                                                  Avg(ms)         Min         Max     Std Dev       Count

Performance Statistics   2013-03-19 10:03:30 - 2013-03-19 10:03:40
Tag                                                  Avg(ms)         Min         Max     Std Dev       Count

Performance Statistics   2013-03-19 10:03:40 - 2013-03-19 10:03:50
Tag                                                  Avg(ms)         Min         Max     Std Dev       Count

Performance Statistics   2013-03-19 10:03:50 - 2013-03-19 10:04:00
Tag                                                  Avg(ms)         Min         Max     Std Dev       Count

Performance Statistics   2013-03-19 10:04:00 - 2013-03-19 10:04:10
Tag                                                  Avg(ms)         Min         Max     Std Dev       Count

Performance Statistics   2013-03-19 10:04:10 - 2013-03-19 10:04:20
Tag                                                  Avg(ms)         Min         Max     Std Dev       Count

Performance Statistics   2013-03-19 10:04:20 - 2013-03-19 10:04:30
Tag                                                  Avg(ms)         Min         Max     Std Dev       Count

Performance Statistics   2013-03-19 10:04:30 - 2013-03-19 10:04:40
Tag                                                  Avg(ms)         Min         Max     Std Dev       Count

Performance Statistics   2013-03-19 10:04:40 - 2013-03-19 10:04:50
Tag                                                  Avg(ms)         Min         Max     Std Dev       Count

Performance Statistics   2013-03-19 10:04:50 - 2013-03-19 10:05:00
Tag                                                  Avg(ms)         Min         Max     Std Dev       Count

Performance Statistics   2013-03-19 10:05:00 - 2013-03-19 10:05:10
Tag                                                  Avg(ms)         Min         Max     Std Dev       Count

Performance Statistics   2013-03-19 10:05:10 - 2013-03-19 10:05:20
Tag                                                  Avg(ms)         Min         Max     Std Dev       Count

Performance Statistics   2013-03-19 10:05:20 - 2013-03-19 10:05:30
Tag                                                  Avg(ms)         Min         Max     Std Dev       Count

Performance Statistics   2013-03-19 10:05:30 - 2013-03-19 10:05:40
Tag                                                  Avg(ms)         Min         Max     Std Dev       Count

Performance Statistics   2013-03-19 10:05:40 - 2013-03-19 10:05:50
Tag                                                  Avg(ms)         Min         Max     Std Dev       Count

Performance Statistics   2013-03-19 10:05:50 - 2013-03-19 10:06:00
Tag                                                  Avg(ms)         Min         Max     Std Dev       Count

Performance Statistics   2013-03-19 10:06:00 - 2013-03-19 10:06:10
Tag                                                  Avg(ms)         Min         Max     Std Dev       Count

Performance Statistics   2013-03-19 10:06:10 - 2013-03-19 10:06:20
Tag                                                  Avg(ms)         Min         Max     Std Dev       Count

Performance Statistics   2013-03-19 10:06:20 - 2013-03-19 10:06:30
Tag                                                  Avg(ms)         Min         Max     Std Dev       Count

Performance Statistics   2013-03-19 10:06:30 - 2013-03-19 10:06:40
Tag                                                  Avg(ms)         Min         Max     Std Dev       Count

Performance Statistics   2013-03-19 10:06:40 - 2013-03-19 10:06:50
Tag                                                  Avg(ms)         Min         Max     Std Dev       Count

Performance Statistics   2013-03-19 10:06:50 - 2013-03-19 10:07:00
Tag                                                  Avg(ms)         Min         Max     Std Dev       Count

Performance Statistics   2013-03-19 10:07:00 - 2013-03-19 10:07:10
Tag                                                  Avg(ms)         Min         Max     Std Dev       Count

Performance Statistics   2013-03-19 10:07:10 - 2013-03-19 10:07:20
Tag                                                  Avg(ms)         Min         Max     Std Dev       Count

Performance Statistics   2013-03-19 10:07:20 - 2013-03-19 10:07:30
Tag                                                  Avg(ms)         Min         Max     Std Dev       Count

Performance Statistics   2013-03-19 10:07:30 - 2013-03-19 10:07:40
Tag                                                  Avg(ms)         Min         Max     Std Dev       Count

Performance Statistics   2013-03-19 10:07:40 - 2013-03-19 10:07:50
Tag                                                  Avg(ms)         Min         Max     Std Dev       Count

Performance Statistics   2013-03-19 10:07:50 - 2013-03-19 10:08:00
Tag                                                  Avg(ms)         Min         Max     Std Dev       Count

Performance Statistics   2013-03-19 10:08:00 - 2013-03-19 10:08:10
Tag                                                  Avg(ms)         Min         Max     Std Dev       Count

Performance Statistics   2013-03-19 10:08:10 - 2013-03-19 10:08:20
Tag                                                  Avg(ms)         Min         Max     Std Dev       Count

Performance Statistics   2013-03-19 10:08:20 - 2013-03-19 10:08:30
Tag                                                  Avg(ms)         Min         Max     Std Dev       Count

Performance Statistics   2013-03-19 10:08:30 - 2013-03-19 10:08:40
Tag                                                  Avg(ms)         Min         Max     Std Dev       Count

Performance Statistics   2013-03-19 10:17:00 - 2013-03-19 10:17:10
Tag                                                  Avg(ms)         Min         Max     Std Dev       Count
retrieveObjectStatForPath                               48.0           8          88        40.0           2

Performance Statistics   2013-03-19 10:17:40 - 2013-03-19 10:17:50
Tag                                                  Avg(ms)         Min         Max     Std Dev       Count
retrieveObjectStatForPath                               41.0           7          75        34.0           2

Performance Statistics   2013-03-19 10:25:30 - 2013-03-19 10:25:40
Tag                                                  Avg(ms)         Min         Max     Std Dev       Count
retrieveObjectStatForPath                               79.0          11         147        68.0           2

Performance Statistics   2013-03-19 10:25:40 - 2013-03-19 10:25:50
Tag                                                  Avg(ms)         Min         Max     Std Dev       Count

Performance Statistics   2013-03-19 10:27:20 - 2013-03-19 10:27:30
Tag                                                  Avg(ms)         Min         Max     Std Dev       Count
retrieveObjectStatForPath                               41.5          10          73        31.5           2

Performance Statistics   2013-03-19 10:27:30 - 2013-03-19 10:27:40
Tag                                                  Avg(ms)         Min         Max     Std Dev       Count

Performance Statistics   2013-03-19 10:27:40 - 2013-03-19 10:27:50
Tag                                                  Avg(ms)         Min         Max     Std Dev       Count

Performance Statistics   2013-03-19 10:27:50 - 2013-03-19 10:28:00
Tag                                                  Avg(ms)         Min         Max     Std Dev       Count

Performance Statistics   2013-03-19 10:39:30 - 2013-03-19 10:39:40
Tag                                                  Avg(ms)         Min         Max     Std Dev       Count
retrieveObjectStatForPath                              204.0          14         394       190.0           2

Performance Statistics   2013-03-19 10:47:00 - 2013-03-19 10:47:10
Tag                                                  Avg(ms)         Min         Max     Std Dev       Count
retrieveObjectStatForPath                               45.5          12          79        33.5           2

Performance Statistics   2013-03-19 10:47:10 - 2013-03-19 10:47:20
Tag                                                  Avg(ms)         Min         Max     Std Dev       Count

Performance Statistics   2013-03-19 10:48:00 - 2013-03-19 10:48:10
Tag                                                  Avg(ms)         Min         Max     Std Dev       Count
retrieveObjectStatForPath                               53.5          31          76        22.5           2

Performance Statistics   2013-03-19 10:48:10 - 2013-03-19 10:48:20
Tag                                                  Avg(ms)         Min         Max     Std Dev       Count

Performance Statistics   2013-03-19 10:48:20 - 2013-03-19 10:48:30
Tag                                                  Avg(ms)         Min         Max     Std Dev       Count

Performance Statistics   2013-03-19 10:51:40 - 2013-03-19 10:51:50
Tag                                                  Avg(ms)         Min         Max     Std Dev       Count
retrieveObjectStatForPath                               30.5          11          50        19.5           2

Performance Statistics   2013-03-19 10:51:50 - 2013-03-19 10:52:00
Tag                                                  Avg(ms)         Min         Max     Std Dev       Count

Performance Statistics   2013-03-19 10:52:00 - 2013-03-19 10:52:10
Tag                                                  Avg(ms)         Min         Max     Std Dev       Count

Performance Statistics   2013-03-19 10:52:10 - 2013-03-19 10:52:20
Tag                                                  Avg(ms)         Min         Max     Std Dev       Count

Performance Statistics   2013-03-19 10:52:20 - 2013-03-19 10:52:30
Tag                                                  Avg(ms)         Min         Max     Std Dev       Count

Performance Statistics   2013-03-19 10:52:30 - 2013-03-19 10:52:40
Tag                                                  Avg(ms)         Min         Max     Std Dev       Count

Performance Statistics   2013-03-19 10:52:40 - 2013-03-19 10:52:50
Tag                                                  Avg(ms)         Min         Max     Std Dev       Count

Performance Statistics   2013-03-19 10:52:50 - 2013-03-19 10:53:00
Tag                                                  Avg(ms)         Min         Max     Std Dev       Count

Performance Statistics   2013-03-19 10:53:00 - 2013-03-19 10:53:10
Tag                                                  Avg(ms)         Min         Max     Std Dev       Count

Performance Statistics   2013-03-19 10:53:10 - 2013-03-19 10:53:20
Tag                                                  Avg(ms)         Min         Max     Std Dev       Count

Performance Statistics   2013-03-19 10:53:20 - 2013-03-19 10:53:30
Tag                                                  Avg(ms)         Min         Max     Std Dev       Count

Performance Statistics   2013-03-19 10:53:30 - 2013-03-19 10:53:40
Tag                                                  Avg(ms)         Min         Max     Std Dev       Count

Performance Statistics   2013-03-19 10:53:40 - 2013-03-19 10:53:50
Tag                                                  Avg(ms)         Min         Max     Std Dev       Count

Performance Statistics   2013-03-19 10:53:50 - 2013-03-19 10:54:00
Tag                                                  Avg(ms)         Min         Max     Std Dev       Count

Performance Statistics   2013-03-19 10:54:00 - 2013-03-19 10:54:10
Tag                                                  Avg(ms)         Min         Max     Std Dev       Count

Performance Statistics   2013-03-19 10:54:10 - 2013-03-19 10:54:20
Tag                                                  Avg(ms)         Min         Max     Std Dev       Count

Performance Statistics   2013-03-19 10:54:20 - 2013-03-19 10:54:30
Tag                                                  Avg(ms)         Min         Max     Std Dev       Count

Performance Statistics   2013-03-19 10:54:30 - 2013-03-19 10:54:40
Tag                                                  Avg(ms)         Min         Max     Std Dev       Count

Performance Statistics   2013-03-19 10:54:40 - 2013-03-19 10:54:50
Tag                                                  Avg(ms)         Min         Max     Std Dev       Count

Performance Statistics   2013-03-19 10:54:50 - 2013-03-19 10:55:00
Tag                                                  Avg(ms)         Min         Max     Std Dev       Count

Performance Statistics   2013-03-19 10:55:00 - 2013-03-19 10:55:10
Tag                                                  Avg(ms)         Min         Max     Std Dev       Count

Performance Statistics   2013-03-19 10:55:50 - 2013-03-19 10:56:00
Tag                                                  Avg(ms)         Min         Max     Std Dev       Count
retrieveObjectStatForPath                               28.5           8          49        20.5           2

Performance Statistics   2013-03-19 10:56:00 - 2013-03-19 10:56:10
Tag                                                  Avg(ms)         Min         Max     Std Dev       Count

Performance Statistics   2013-03-19 10:56:10 - 2013-03-19 10:56:20
Tag                                                  Avg(ms)         Min         Max     Std Dev       Count

Performance Statistics   2013-03-19 10:56:20 - 2013-03-19 10:56:30
Tag                                                  Avg(ms)         Min         Max     Std Dev       Count

Performance Statistics   2013-03-19 10:56:30 - 2013-03-19 10:56:40
Tag                                                  Avg(ms)         Min         Max     Std Dev       Count

Performance Statistics   2013-03-19 10:56:40 - 2013-03-19 10:56:50
Tag                                                  Avg(ms)         Min         Max     Std Dev       Count

Performance Statistics   2013-03-19 10:56:50 - 2013-03-19 10:57:00
Tag                                                  Avg(ms)         Min         Max     Std Dev       Count

Performance Statistics   2013-03-19 10:57:20 - 2013-03-19 10:57:30
Tag                                                  Avg(ms)         Min         Max     Std Dev       Count

Performance Statistics   2013-03-19 10:57:30 - 2013-03-19 10:57:40
Tag                                                  Avg(ms)         Min         Max     Std Dev       Count

Performance Statistics   2013-03-19 10:57:40 - 2013-03-19 10:57:50
Tag                                                  Avg(ms)         Min         Max     Std Dev       Count

Performance Statistics   2013-03-19 10:57:50 - 2013-03-19 10:58:00
Tag                                                  Avg(ms)         Min         Max     Std Dev       Count

Performance Statistics   2013-03-19 10:58:00 - 2013-03-19 10:58:10
Tag                                                  Avg(ms)         Min         Max     Std Dev       Count

Performance Statistics   2013-03-19 10:58:10 - 2013-03-19 10:58:20
Tag                                                  Avg(ms)         Min         Max     Std Dev       Count

Performance Statistics   2013-03-19 10:58:20 - 2013-03-19 10:58:30
Tag                                                  Avg(ms)         Min         Max     Std Dev       Count

Performance Statistics   2013-03-19 10:58:30 - 2013-03-19 10:58:40
Tag                                                  Avg(ms)         Min         Max     Std Dev       Count

Performance Statistics   2013-03-19 10:58:40 - 2013-03-19 10:58:50
Tag                                                  Avg(ms)         Min         Max     Std Dev       Count

Performance Statistics   2013-03-19 10:59:40 - 2013-03-19 10:59:50
Tag                                                  Avg(ms)         Min         Max     Std Dev       Count
retrieveObjectStatForPath                              183.0          10         356       173.0           2

Performance Statistics   2013-03-19 11:11:00 - 2013-03-19 11:11:10
Tag                                                  Avg(ms)         Min         Max     Std Dev       Count
retrieveObjectStatForPath                               46.0           8          84        38.0           2

Performance Statistics   2013-03-19 11:18:50 - 2013-03-19 11:19:00
Tag                                                  Avg(ms)         Min         Max     Std Dev       Count
retrieveObjectStatForPath                               35.5           8          63        27.5           2

Performance Statistics   2013-03-19 11:31:40 - 2013-03-19 11:31:50
Tag                                                  Avg(ms)         Min         Max     Std Dev       Count
retrieveObjectStatForPath                               48.5           9          88        39.5           2

Performance Statistics   2013-03-19 11:31:50 - 2013-03-19 11:32:00
Tag                                                  Avg(ms)         Min         Max     Std Dev       Count

Performance Statistics   2013-03-19 11:32:00 - 2013-03-19 11:32:10
Tag                                                  Avg(ms)         Min         Max     Std Dev       Count

Performance Statistics   2013-03-19 11:32:10 - 2013-03-19 11:32:20
Tag                                                  Avg(ms)         Min         Max     Std Dev       Count

Performance Statistics   2013-03-19 11:32:20 - 2013-03-19 11:32:30
Tag                                                  Avg(ms)         Min         Max     Std Dev       Count

Performance Statistics   2013-03-19 11:32:30 - 2013-03-19 11:32:40
Tag                                                  Avg(ms)         Min         Max     Std Dev       Count

Performance Statistics   2013-03-19 11:33:00 - 2013-03-19 11:33:10
Tag                                                  Avg(ms)         Min         Max     Std Dev       Count

Performance Statistics   2013-03-19 11:33:10 - 2013-03-19 11:33:20
Tag                                                  Avg(ms)         Min         Max     Std Dev       Count

Performance Statistics   2013-03-19 11:33:20 - 2013-03-19 11:33:30
Tag                                                  Avg(ms)         Min         Max     Std Dev       Count

Performance Statistics   2013-03-19 11:38:20 - 2013-03-19 11:38:30
Tag                                                  Avg(ms)         Min         Max     Std Dev       Count
retrieveObjectStatForPath                              242.5           8         477       234.5           2

Performance Statistics   2013-03-21 11:30:10 - 2013-03-21 11:30:20
Tag                                                  Avg(ms)         Min         Max     Std Dev       Count
retrieveObjectStatForPath                              179.0          49         309       130.0           2

Performance Statistics   2013-03-21 11:30:20 - 2013-03-21 11:30:30
Tag                                                  Avg(ms)         Min         Max     Std Dev       Count

Performance Statistics   2013-03-21 11:30:30 - 2013-03-21 11:30:40
Tag                                                  Avg(ms)         Min         Max     Std Dev       Count
retrieveObjectStatForPath                                7.3           2          49         6.5         191

Performance Statistics   2013-03-21 11:30:40 - 2013-03-21 11:30:50
Tag                                                  Avg(ms)         Min         Max     Std Dev       Count
retrieveObjectStatForPath                                6.0           2          44         6.1         193

Performance Statistics   2013-03-21 11:30:50 - 2013-03-21 11:31:00
Tag                                                  Avg(ms)         Min         Max     Std Dev       Count

Performance Statistics   2013-03-21 11:31:00 - 2013-03-21 11:31:10
Tag                                                  Avg(ms)         Min         Max     Std Dev       Count

Performance Statistics   2013-03-21 11:31:10 - 2013-03-21 11:31:20
Tag                                                  Avg(ms)         Min         Max     Std Dev       Count

Performance Statistics   2013-03-21 11:31:20 - 2013-03-21 11:31:30
Tag                                                  Avg(ms)         Min         Max     Std Dev       Count

Performance Statistics   2013-03-21 11:31:30 - 2013-03-21 11:31:40
Tag                                                  Avg(ms)         Min         Max     Std Dev       Count

Performance Statistics   2013-03-21 11:31:40 - 2013-03-21 11:31:50
Tag                                                  Avg(ms)         Min         Max     Std Dev       Count

Performance Statistics   2013-03-21 11:31:50 - 2013-03-21 11:32:00
Tag                                                  Avg(ms)         Min         Max     Std Dev       Count

Performance Statistics   2013-03-21 11:32:00 - 2013-03-21 11:32:10
Tag                                                  Avg(ms)         Min         Max     Std Dev       Count

Performance Statistics   2013-03-21 11:32:10 - 2013-03-21 11:32:20
Tag                                                  Avg(ms)         Min         Max     Std Dev       Count

Performance Statistics   2013-03-21 11:32:20 - 2013-03-21 11:32:30
Tag                                                  Avg(ms)         Min         Max     Std Dev       Count

Performance Statistics   2013-03-21 11:32:30 - 2013-03-21 11:32:40
Tag                                                  Avg(ms)         Min         Max     Std Dev       Count

Performance Statistics   2013-03-21 11:32:40 - 2013-03-21 11:32:50
Tag                                                  Avg(ms)         Min         Max     Std Dev       Count

Performance Statistics   2013-03-21 11:32:50 - 2013-03-21 11:33:00
Tag                                                  Avg(ms)         Min         Max     Std Dev       Count

Performance Statistics   2013-03-21 11:33:00 - 2013-03-21 11:33:10
Tag                                                  Avg(ms)         Min         Max     Std Dev       Count

Performance Statistics   2013-03-21 11:33:10 - 2013-03-21 11:33:20
Tag                                                  Avg(ms)         Min         Max     Std Dev       Count

Performance Statistics   2013-03-21 11:33:20 - 2013-03-21 11:33:30
Tag                                                  Avg(ms)         Min         Max     Std Dev       Count

Performance Statistics   2013-03-21 11:33:30 - 2013-03-21 11:33:40
Tag                                                  Avg(ms)         Min         Max     Std Dev       Count

Performance Statistics   2013-03-21 11:33:40 - 2013-03-21 11:33:50
Tag                                                  Avg(ms)         Min         Max     Std Dev       Count

Performance Statistics   2013-03-21 11:33:50 - 2013-03-21 11:34:00
Tag                                                  Avg(ms)         Min         Max     Std Dev       Count

Performance Statistics   2013-03-21 11:34:00 - 2013-03-21 11:34:10
Tag                                                  Avg(ms)         Min         Max     Std Dev       Count

Performance Statistics   2013-03-21 11:34:10 - 2013-03-21 11:34:20
Tag                                                  Avg(ms)         Min         Max     Std Dev       Count

Performance Statistics   2013-03-21 11:34:20 - 2013-03-21 11:34:30
Tag                                                  Avg(ms)         Min         Max     Std Dev       Count

Performance Statistics   2013-03-21 11:34:30 - 2013-03-21 11:34:40
Tag                                                  Avg(ms)         Min         Max     Std Dev       Count

Performance Statistics   2013-03-21 11:34:40 - 2013-03-21 11:34:50
Tag                                                  Avg(ms)         Min         Max     Std Dev       Count

Performance Statistics   2013-03-21 11:34:50 - 2013-03-21 11:35:00
Tag                                                  Avg(ms)         Min         Max     Std Dev       Count

Performance Statistics   2013-03-21 11:35:00 - 2013-03-21 11:35:10
Tag                                                  Avg(ms)         Min         Max     Std Dev       Count

Performance Statistics   2013-03-21 11:35:10 - 2013-03-21 11:35:20
Tag                                                  Avg(ms)         Min         Max     Std Dev       Count

Performance Statistics   2013-03-21 11:35:20 - 2013-03-21 11:35:30
Tag                                                  Avg(ms)         Min         Max     Std Dev       Count

Performance Statistics   2013-03-21 11:35:30 - 2013-03-21 11:35:40
Tag                                                  Avg(ms)         Min         Max     Std Dev       Count

Performance Statistics   2013-03-21 11:35:40 - 2013-03-21 11:35:50
Tag                                                  Avg(ms)         Min         Max     Std Dev       Count

Performance Statistics   2013-03-21 11:35:50 - 2013-03-21 11:36:00
Tag                                                  Avg(ms)         Min         Max     Std Dev       Count

Performance Statistics   2013-03-21 11:36:00 - 2013-03-21 11:36:10
Tag                                                  Avg(ms)         Min         Max     Std Dev       Count

Performance Statistics   2013-03-21 11:36:10 - 2013-03-21 11:36:20
Tag                                                  Avg(ms)         Min         Max     Std Dev       Count

Performance Statistics   2013-03-21 11:36:20 - 2013-03-21 11:36:30
Tag                                                  Avg(ms)         Min         Max     Std Dev       Count

Performance Statistics   2013-03-21 11:36:30 - 2013-03-21 11:36:40
Tag                                                  Avg(ms)         Min         Max     Std Dev       Count

Performance Statistics   2013-03-21 11:36:40 - 2013-03-21 11:36:50
Tag                                                  Avg(ms)         Min         Max     Std Dev       Count

Performance Statistics   2013-03-21 11:36:50 - 2013-03-21 11:37:00
Tag                                                  Avg(ms)         Min         Max     Std Dev       Count

Performance Statistics   2013-03-21 11:37:00 - 2013-03-21 11:37:10
Tag                                                  Avg(ms)         Min         Max     Std Dev       Count

Performance Statistics   2013-03-21 11:37:10 - 2013-03-21 11:37:20
Tag                                                  Avg(ms)         Min         Max     Std Dev       Count

Performance Statistics   2013-03-21 11:37:20 - 2013-03-21 11:37:30
Tag                                                  Avg(ms)         Min         Max     Std Dev       Count

Performance Statistics   2013-03-21 11:37:30 - 2013-03-21 11:37:40
Tag                                                  Avg(ms)         Min         Max     Std Dev       Count

Performance Statistics   2013-03-21 11:37:40 - 2013-03-21 11:37:50
Tag                                                  Avg(ms)         Min         Max     Std Dev       Count

Performance Statistics   2013-03-21 11:37:50 - 2013-03-21 11:38:00
Tag                                                  Avg(ms)         Min         Max     Std Dev       Count

Performance Statistics   2013-03-21 11:38:00 - 2013-03-21 11:38:10
Tag                                                  Avg(ms)         Min         Max     Std Dev       Count

Performance Statistics   2013-03-21 11:38:10 - 2013-03-21 11:38:20
Tag                                                  Avg(ms)         Min         Max     Std Dev       Count

Performance Statistics   2013-03-21 11:38:20 - 2013-03-21 11:38:30
Tag                                                  Avg(ms)         Min         Max     Std Dev       Count

Performance Statistics   2013-03-21 11:38:30 - 2013-03-21 11:38:40
Tag                                                  Avg(ms)         Min         Max     Std Dev       Count

Performance Statistics   2013-03-21 11:39:40 - 2013-03-21 11:39:50
Tag                                                  Avg(ms)         Min         Max     Std Dev       Count
retrieveObjectStatForPath                                6.9           2         177        17.3         102

Performance Statistics   2013-03-21 11:39:50 - 2013-03-21 11:40:00
Tag                                                  Avg(ms)         Min         Max     Std Dev       Count
retrieveObjectStatForPath                                5.4           1          37         5.7         284

Performance Statistics   2013-03-21 11:40:00 - 2013-03-21 11:40:10
Tag                                                  Avg(ms)         Min         Max     Std Dev       Count

Performance Statistics   2013-03-21 11:40:10 - 2013-03-21 11:40:20
Tag                                                  Avg(ms)         Min         Max     Std Dev       Count

Performance Statistics   2013-03-21 11:42:00 - 2013-03-21 11:42:10
Tag                                                  Avg(ms)         Min         Max     Std Dev       Count
retrieveObjectStatForPath                              105.5           9         202        96.5           2

Performance Statistics   2013-03-21 11:42:10 - 2013-03-21 11:42:20
Tag                                                  Avg(ms)         Min         Max     Std Dev       Count
retrieveObjectStatForPath                                6.3           2          66         7.8         286

Performance Statistics   2013-03-21 11:42:20 - 2013-03-21 11:42:30
Tag                                                  Avg(ms)         Min         Max     Std Dev       Count
retrieveObjectStatForPath                                5.8           1          34         6.6          98

Performance Statistics   2013-03-21 11:42:30 - 2013-03-21 11:42:40
Tag                                                  Avg(ms)         Min         Max     Std Dev       Count

Performance Statistics   2013-03-21 11:47:20 - 2013-03-21 11:47:30
Tag                                                  Avg(ms)         Min         Max     Std Dev       Count
retrieveObjectStatForPath                                5.3           2          56         5.7         300

Performance Statistics   2013-03-21 11:47:30 - 2013-03-21 11:47:40
Tag                                                  Avg(ms)         Min         Max     Std Dev       Count
retrieveObjectStatForPath                                4.8           2          68         5.6         206

Performance Statistics   2013-03-21 11:58:50 - 2013-03-21 11:59:00
Tag                                                  Avg(ms)         Min         Max     Std Dev       Count
retrieveObjectStatForPath                               91.0           8         174        83.0           2

Performance Statistics   2013-03-21 11:59:00 - 2013-03-21 11:59:10
Tag                                                  Avg(ms)         Min         Max     Std Dev       Count
retrieveObjectStatForPath                                7.0           2         475        31.7         221

Performance Statistics   2013-03-21 11:59:10 - 2013-03-21 11:59:20
Tag                                                  Avg(ms)         Min         Max     Std Dev       Count
retrieveObjectStatForPath                                4.0           1          14         1.8         283

Performance Statistics   2013-03-21 11:59:20 - 2013-03-21 11:59:30
Tag                                                  Avg(ms)         Min         Max     Std Dev       Count

Performance Statistics   2013-03-21 11:59:30 - 2013-03-21 11:59:40
Tag                                                  Avg(ms)         Min         Max     Std Dev       Count

Performance Statistics   2013-03-21 11:59:40 - 2013-03-21 11:59:50
Tag                                                  Avg(ms)         Min         Max     Std Dev       Count

Performance Statistics   2013-03-21 11:59:50 - 2013-03-21 12:00:00
Tag                                                  Avg(ms)         Min         Max     Std Dev       Count

Performance Statistics   2013-03-21 12:00:00 - 2013-03-21 12:00:10
Tag                                                  Avg(ms)         Min         Max     Std Dev       Count

Performance Statistics   2013-03-21 12:00:10 - 2013-03-21 12:00:20
Tag                                                  Avg(ms)         Min         Max     Std Dev       Count

Performance Statistics   2013-03-21 12:00:20 - 2013-03-21 12:00:30
Tag                                                  Avg(ms)         Min         Max     Std Dev       Count

Performance Statistics   2013-03-21 12:00:30 - 2013-03-21 12:00:40
Tag                                                  Avg(ms)         Min         Max     Std Dev       Count

Performance Statistics   2013-03-21 12:00:40 - 2013-03-21 12:00:50
Tag                                                  Avg(ms)         Min         Max     Std Dev       Count

Performance Statistics   2013-03-21 12:00:50 - 2013-03-21 12:01:00
Tag                                                  Avg(ms)         Min         Max     Std Dev       Count

Performance Statistics   2013-03-21 12:01:00 - 2013-03-21 12:01:10
Tag                                                  Avg(ms)         Min         Max     Std Dev       Count

Performance Statistics   2013-03-21 12:01:10 - 2013-03-21 12:01:20
Tag                                                  Avg(ms)         Min         Max     Std Dev       Count

Performance Statistics   2013-03-21 12:01:20 - 2013-03-21 12:01:30
Tag                                                  Avg(ms)         Min         Max     Std Dev       Count

Performance Statistics   2013-03-21 12:01:30 - 2013-03-21 12:01:40
Tag                                                  Avg(ms)         Min         Max     Std Dev       Count

Performance Statistics   2013-03-21 12:01:40 - 2013-03-21 12:01:50
Tag                                                  Avg(ms)         Min         Max     Std Dev       Count

Performance Statistics   2013-03-21 12:01:50 - 2013-03-21 12:02:00
Tag                                                  Avg(ms)         Min         Max     Std Dev       Count

Performance Statistics   2013-03-21 12:06:40 - 2013-03-21 12:06:50
Tag                                                  Avg(ms)         Min         Max     Std Dev       Count
retrieveObjectStatForPath                                4.9           1         190         8.8         506

Performance Statistics   2013-03-21 14:59:10 - 2013-03-21 14:59:20
Tag                                                  Avg(ms)         Min         Max     Std Dev       Count
retrieveObjectStatForPath                                5.3           2         150        11.2         194

Performance Statistics   2013-03-21 14:59:20 - 2013-03-21 14:59:30
Tag                                                  Avg(ms)         Min         Max     Std Dev       Count
retrieveObjectStatForPath                                3.4           1          17         1.7         312

Performance Statistics   2013-03-21 15:38:50 - 2013-03-21 15:39:00
Tag                                                  Avg(ms)         Min         Max     Std Dev       Count
retrieveObjectStatForPath                                5.2           2          40         5.0         116

Performance Statistics   2013-03-21 15:39:00 - 2013-03-21 15:39:10
Tag                                                  Avg(ms)         Min         Max     Std Dev       Count
retrieveObjectStatForPath                                4.7           1         104         6.7         390

Performance Statistics   2013-03-21 15:42:30 - 2013-03-21 15:42:40
Tag                                                  Avg(ms)         Min         Max     Std Dev       Count
retrieveObjectStatForPath                               49.0          49          49         0.0           1

Performance Statistics   2013-03-21 15:42:40 - 2013-03-21 15:42:50
Tag                                                  Avg(ms)         Min         Max     Std Dev       Count
retrieveObjectStatForPath                                5.3           1         654        29.0         505

Performance Statistics   2013-03-21 15:58:40 - 2013-03-21 15:58:50
Tag                                                  Avg(ms)         Min         Max     Std Dev       Count
retrieveObjectStatForPath                               36.0          14          58        22.0           2

Performance Statistics   2013-03-21 15:58:50 - 2013-03-21 15:59:00
Tag                                                  Avg(ms)         Min         Max     Std Dev       Count
retrieveObjectStatForPath                                3.7           1          83         4.8         384

Performance Statistics   2013-03-21 15:59:00 - 2013-03-21 15:59:10
Tag                                                  Avg(ms)         Min         Max     Std Dev       Count
retrieveObjectStatForPath                                3.4           1          52         3.4         510

Performance Statistics   2013-03-21 15:59:10 - 2013-03-21 15:59:20
Tag                                                  Avg(ms)         Min         Max     Std Dev       Count
retrieveObjectStatForPath                                3.6           1          52         4.2         440

Performance Statistics   2013-03-21 15:59:20 - 2013-03-21 15:59:30
Tag                                                  Avg(ms)         Min         Max     Std Dev       Count
retrieveObjectStatForPath                                3.3           1          29         2.9         186

Performance Statistics   2013-03-21 16:03:30 - 2013-03-21 16:03:40
Tag                                                  Avg(ms)         Min         Max     Std Dev       Count
retrieveObjectStatForPath                               29.5           8          51        21.5           2

Performance Statistics   2013-03-21 16:03:40 - 2013-03-21 16:03:50
Tag                                                  Avg(ms)         Min         Max     Std Dev       Count

Performance Statistics   2013-03-21 16:03:50 - 2013-03-21 16:04:00
Tag                                                  Avg(ms)         Min         Max     Std Dev       Count

Performance Statistics   2013-03-21 16:04:00 - 2013-03-21 16:04:10
Tag                                                  Avg(ms)         Min         Max     Std Dev       Count

Performance Statistics   2013-03-21 16:04:10 - 2013-03-21 16:04:20
Tag                                                  Avg(ms)         Min         Max     Std Dev       Count

Performance Statistics   2013-03-21 16:04:20 - 2013-03-21 16:04:30
Tag                                                  Avg(ms)         Min         Max     Std Dev       Count

Performance Statistics   2013-03-21 16:04:30 - 2013-03-21 16:04:40
Tag                                                  Avg(ms)         Min         Max     Std Dev       Count

Performance Statistics   2013-03-21 16:04:40 - 2013-03-21 16:04:50
Tag                                                  Avg(ms)         Min         Max     Std Dev       Count

Performance Statistics   2013-03-21 16:04:50 - 2013-03-21 16:05:00
Tag                                                  Avg(ms)         Min         Max     Std Dev       Count

Performance Statistics   2013-03-21 16:05:00 - 2013-03-21 16:05:10
Tag                                                  Avg(ms)         Min         Max     Std Dev       Count

Performance Statistics   2013-03-21 16:05:10 - 2013-03-21 16:05:20
Tag                                                  Avg(ms)         Min         Max     Std Dev       Count

Performance Statistics   2013-03-21 16:05:20 - 2013-03-21 16:05:30
Tag                                                  Avg(ms)         Min         Max     Std Dev       Count

Performance Statistics   2013-03-21 16:05:30 - 2013-03-21 16:05:40
Tag                                                  Avg(ms)         Min         Max     Std Dev       Count

Performance Statistics   2013-03-21 16:05:40 - 2013-03-21 16:05:50
Tag                                                  Avg(ms)         Min         Max     Std Dev       Count

Performance Statistics   2013-03-21 16:05:50 - 2013-03-21 16:06:00
Tag                                                  Avg(ms)         Min         Max     Std Dev       Count

Performance Statistics   2013-03-21 16:06:00 - 2013-03-21 16:06:10
Tag                                                  Avg(ms)         Min         Max     Std Dev       Count

Performance Statistics   2013-03-21 16:06:10 - 2013-03-21 16:06:20
Tag                                                  Avg(ms)         Min         Max     Std Dev       Count

Performance Statistics   2013-03-21 16:06:20 - 2013-03-21 16:06:30
Tag                                                  Avg(ms)         Min         Max     Std Dev       Count

Performance Statistics   2013-03-21 16:06:30 - 2013-03-21 16:06:40
Tag                                                  Avg(ms)         Min         Max     Std Dev       Count

Performance Statistics   2013-03-21 16:06:40 - 2013-03-21 16:06:50
Tag                                                  Avg(ms)         Min         Max     Std Dev       Count

Performance Statistics   2013-03-21 16:06:50 - 2013-03-21 16:07:00
Tag                                                  Avg(ms)         Min         Max     Std Dev       Count

Performance Statistics   2013-03-21 16:07:00 - 2013-03-21 16:07:10
Tag                                                  Avg(ms)         Min         Max     Std Dev       Count

Performance Statistics   2013-03-21 16:07:10 - 2013-03-21 16:07:20
Tag                                                  Avg(ms)         Min         Max     Std Dev       Count

Performance Statistics   2013-03-21 16:07:20 - 2013-03-21 16:07:30
Tag                                                  Avg(ms)         Min         Max     Std Dev       Count

Performance Statistics   2013-03-21 16:07:30 - 2013-03-21 16:07:40
Tag                                                  Avg(ms)         Min         Max     Std Dev       Count

Performance Statistics   2013-03-21 16:07:40 - 2013-03-21 16:07:50
Tag                                                  Avg(ms)         Min         Max     Std Dev       Count

Performance Statistics   2013-03-21 16:07:50 - 2013-03-21 16:08:00
Tag                                                  Avg(ms)         Min         Max     Std Dev       Count

Performance Statistics   2013-03-21 16:08:00 - 2013-03-21 16:08:10
Tag                                                  Avg(ms)         Min         Max     Std Dev       Count

Performance Statistics   2013-03-21 16:08:10 - 2013-03-21 16:08:20
Tag                                                  Avg(ms)         Min         Max     Std Dev       Count

Performance Statistics   2013-03-21 16:08:20 - 2013-03-21 16:08:30
Tag                                                  Avg(ms)         Min         Max     Std Dev       Count

Performance Statistics   2013-03-21 16:08:30 - 2013-03-21 16:08:40
Tag                                                  Avg(ms)         Min         Max     Std Dev       Count

Performance Statistics   2013-03-21 16:08:40 - 2013-03-21 16:08:50
Tag                                                  Avg(ms)         Min         Max     Std Dev       Count

Performance Statistics   2013-03-21 16:08:50 - 2013-03-21 16:09:00
Tag                                                  Avg(ms)         Min         Max     Std Dev       Count

Performance Statistics   2013-03-21 16:09:00 - 2013-03-21 16:09:10
Tag                                                  Avg(ms)         Min         Max     Std Dev       Count

Performance Statistics   2013-03-21 16:09:10 - 2013-03-21 16:09:20
Tag                                                  Avg(ms)         Min         Max     Std Dev       Count

Performance Statistics   2013-03-21 16:09:20 - 2013-03-21 16:09:30
Tag                                                  Avg(ms)         Min         Max     Std Dev       Count

Performance Statistics   2013-03-21 16:09:30 - 2013-03-21 16:09:40
Tag                                                  Avg(ms)         Min         Max     Std Dev       Count

Performance Statistics   2013-03-21 16:09:40 - 2013-03-21 16:09:50
Tag                                                  Avg(ms)         Min         Max     Std Dev       Count

Performance Statistics   2013-03-21 16:09:50 - 2013-03-21 16:10:00
Tag                                                  Avg(ms)         Min         Max     Std Dev       Count

Performance Statistics   2013-03-21 16:10:00 - 2013-03-21 16:10:10
Tag                                                  Avg(ms)         Min         Max     Std Dev       Count

Performance Statistics   2013-03-21 16:10:10 - 2013-03-21 16:10:20
Tag                                                  Avg(ms)         Min         Max     Std Dev       Count

Performance Statistics   2013-03-21 16:10:20 - 2013-03-21 16:10:30
Tag                                                  Avg(ms)         Min         Max     Std Dev       Count

Performance Statistics   2013-03-21 16:10:30 - 2013-03-21 16:10:40
Tag                                                  Avg(ms)         Min         Max     Std Dev       Count

Performance Statistics   2013-03-21 16:10:40 - 2013-03-21 16:10:50
Tag                                                  Avg(ms)         Min         Max     Std Dev       Count

Performance Statistics   2013-03-21 16:10:50 - 2013-03-21 16:11:00
Tag                                                  Avg(ms)         Min         Max     Std Dev       Count

Performance Statistics   2013-03-21 16:11:00 - 2013-03-21 16:11:10
Tag                                                  Avg(ms)         Min         Max     Std Dev       Count

Performance Statistics   2013-03-21 16:11:10 - 2013-03-21 16:11:20
Tag                                                  Avg(ms)         Min         Max     Std Dev       Count

Performance Statistics   2013-03-21 16:11:20 - 2013-03-21 16:11:30
Tag                                                  Avg(ms)         Min         Max     Std Dev       Count

Performance Statistics   2013-03-21 16:11:30 - 2013-03-21 16:11:40
Tag                                                  Avg(ms)         Min         Max     Std Dev       Count

Performance Statistics   2013-03-21 16:11:40 - 2013-03-21 16:11:50
Tag                                                  Avg(ms)         Min         Max     Std Dev       Count

Performance Statistics   2013-03-21 16:11:50 - 2013-03-21 16:12:00
Tag                                                  Avg(ms)         Min         Max     Std Dev       Count

Performance Statistics   2013-03-21 16:12:00 - 2013-03-21 16:12:10
Tag                                                  Avg(ms)         Min         Max     Std Dev       Count

Performance Statistics   2013-03-21 16:12:10 - 2013-03-21 16:12:20
Tag                                                  Avg(ms)         Min         Max     Std Dev       Count

Performance Statistics   2013-03-21 16:12:20 - 2013-03-21 16:12:30
Tag                                                  Avg(ms)         Min         Max     Std Dev       Count

Performance Statistics   2013-03-21 16:12:30 - 2013-03-21 16:12:40
Tag                                                  Avg(ms)         Min         Max     Std Dev       Count

Performance Statistics   2013-03-21 16:12:40 - 2013-03-21 16:12:50
Tag                                                  Avg(ms)         Min         Max     Std Dev       Count

Performance Statistics   2013-03-21 16:12:50 - 2013-03-21 16:13:00
Tag                                                  Avg(ms)         Min         Max     Std Dev       Count

Performance Statistics   2013-03-21 16:13:00 - 2013-03-21 16:13:10
Tag                                                  Avg(ms)         Min         Max     Std Dev       Count

Performance Statistics   2013-03-21 16:13:10 - 2013-03-21 16:13:20
Tag                                                  Avg(ms)         Min         Max     Std Dev       Count

Performance Statistics   2013-03-21 16:13:20 - 2013-03-21 16:13:30
Tag                                                  Avg(ms)         Min         Max     Std Dev       Count

Performance Statistics   2013-03-21 16:13:30 - 2013-03-21 16:13:40
Tag                                                  Avg(ms)         Min         Max     Std Dev       Count

Performance Statistics   2013-03-21 16:13:40 - 2013-03-21 16:13:50
Tag                                                  Avg(ms)         Min         Max     Std Dev       Count

Performance Statistics   2013-03-21 16:13:50 - 2013-03-21 16:14:00
Tag                                                  Avg(ms)         Min         Max     Std Dev       Count

Performance Statistics   2013-03-21 16:14:00 - 2013-03-21 16:14:10
Tag                                                  Avg(ms)         Min         Max     Std Dev       Count

Performance Statistics   2013-03-21 16:14:10 - 2013-03-21 16:14:20
Tag                                                  Avg(ms)         Min         Max     Std Dev       Count

Performance Statistics   2013-03-21 16:14:20 - 2013-03-21 16:14:30
Tag                                                  Avg(ms)         Min         Max     Std Dev       Count

Performance Statistics   2013-03-21 16:14:30 - 2013-03-21 16:14:40
Tag                                                  Avg(ms)         Min         Max     Std Dev       Count

Performance Statistics   2013-03-21 16:14:40 - 2013-03-21 16:14:50
Tag                                                  Avg(ms)         Min         Max     Std Dev       Count

Performance Statistics   2013-03-21 16:14:50 - 2013-03-21 16:15:00
Tag                                                  Avg(ms)         Min         Max     Std Dev       Count

Performance Statistics   2013-03-21 16:15:00 - 2013-03-21 16:15:10
Tag                                                  Avg(ms)         Min         Max     Std Dev       Count

Performance Statistics   2013-03-21 16:15:10 - 2013-03-21 16:15:20
Tag                                                  Avg(ms)         Min         Max     Std Dev       Count

Performance Statistics   2013-03-21 16:15:20 - 2013-03-21 16:15:30
Tag                                                  Avg(ms)         Min         Max     Std Dev       Count

Performance Statistics   2013-03-21 16:15:30 - 2013-03-21 16:15:40
Tag                                                  Avg(ms)         Min         Max     Std Dev       Count

Performance Statistics   2013-03-21 16:15:40 - 2013-03-21 16:15:50
Tag                                                  Avg(ms)         Min         Max     Std Dev       Count

Performance Statistics   2013-03-21 16:15:50 - 2013-03-21 16:16:00
Tag                                                  Avg(ms)         Min         Max     Std Dev       Count

Performance Statistics   2013-03-21 16:16:00 - 2013-03-21 16:16:10
Tag                                                  Avg(ms)         Min         Max     Std Dev       Count

Performance Statistics   2013-03-21 16:16:10 - 2013-03-21 16:16:20
Tag                                                  Avg(ms)         Min         Max     Std Dev       Count

Performance Statistics   2013-03-21 16:16:20 - 2013-03-21 16:16:30
Tag                                                  Avg(ms)         Min         Max     Std Dev       Count

Performance Statistics   2013-03-21 16:16:30 - 2013-03-21 16:16:40
Tag                                                  Avg(ms)         Min         Max     Std Dev       Count

Performance Statistics   2013-03-21 16:16:40 - 2013-03-21 16:16:50
Tag                                                  Avg(ms)         Min         Max     Std Dev       Count

Performance Statistics   2013-03-21 16:16:50 - 2013-03-21 16:17:00
Tag                                                  Avg(ms)         Min         Max     Std Dev       Count

Performance Statistics   2013-03-21 16:17:00 - 2013-03-21 16:17:10
Tag                                                  Avg(ms)         Min         Max     Std Dev       Count

Performance Statistics   2013-03-21 16:17:10 - 2013-03-21 16:17:20
Tag                                                  Avg(ms)         Min         Max     Std Dev       Count

Performance Statistics   2013-03-21 16:17:20 - 2013-03-21 16:17:30
Tag                                                  Avg(ms)         Min         Max     Std Dev       Count

Performance Statistics   2013-03-21 16:17:30 - 2013-03-21 16:17:40
Tag                                                  Avg(ms)         Min         Max     Std Dev       Count

Performance Statistics   2013-03-21 16:17:40 - 2013-03-21 16:17:50
Tag                                                  Avg(ms)         Min         Max     Std Dev       Count

Performance Statistics   2013-03-21 16:17:50 - 2013-03-21 16:18:00
Tag                                                  Avg(ms)         Min         Max     Std Dev       Count

Performance Statistics   2013-03-21 16:18:00 - 2013-03-21 16:18:10
Tag                                                  Avg(ms)         Min         Max     Std Dev       Count

Performance Statistics   2013-03-21 16:18:10 - 2013-03-21 16:18:20
Tag                                                  Avg(ms)         Min         Max     Std Dev       Count

Performance Statistics   2013-03-21 16:18:20 - 2013-03-21 16:18:30
Tag                                                  Avg(ms)         Min         Max     Std Dev       Count

Performance Statistics   2013-03-21 16:18:30 - 2013-03-21 16:18:40
Tag                                                  Avg(ms)         Min         Max     Std Dev       Count

Performance Statistics   2013-03-21 16:18:40 - 2013-03-21 16:18:50
Tag                                                  Avg(ms)         Min         Max     Std Dev       Count

Performance Statistics   2013-03-21 16:18:50 - 2013-03-21 16:19:00
Tag                                                  Avg(ms)         Min         Max     Std Dev       Count

Performance Statistics   2013-03-21 16:19:00 - 2013-03-21 16:19:10
Tag                                                  Avg(ms)         Min         Max     Std Dev       Count

Performance Statistics   2013-03-21 16:19:10 - 2013-03-21 16:19:20
Tag                                                  Avg(ms)         Min         Max     Std Dev       Count

Performance Statistics   2013-03-21 16:19:20 - 2013-03-21 16:19:30
Tag                                                  Avg(ms)         Min         Max     Std Dev       Count

Performance Statistics   2013-03-21 16:19:30 - 2013-03-21 16:19:40
Tag                                                  Avg(ms)         Min         Max     Std Dev       Count

Performance Statistics   2013-03-21 16:19:40 - 2013-03-21 16:19:50
Tag                                                  Avg(ms)         Min         Max     Std Dev       Count

Performance Statistics   2013-03-21 16:19:50 - 2013-03-21 16:20:00
Tag                                                  Avg(ms)         Min         Max     Std Dev       Count

Performance Statistics   2013-03-21 16:20:00 - 2013-03-21 16:20:10
Tag                                                  Avg(ms)         Min         Max     Std Dev       Count

Performance Statistics   2013-03-21 16:20:10 - 2013-03-21 16:20:20
Tag                                                  Avg(ms)         Min         Max     Std Dev       Count

Performance Statistics   2013-03-21 16:20:20 - 2013-03-21 16:20:30
Tag                                                  Avg(ms)         Min         Max     Std Dev       Count

Performance Statistics   2013-03-21 16:20:30 - 2013-03-21 16:20:40
Tag                                                  Avg(ms)         Min         Max     Std Dev       Count

Performance Statistics   2013-03-21 16:20:40 - 2013-03-21 16:20:50
Tag                                                  Avg(ms)         Min         Max     Std Dev       Count

Performance Statistics   2013-03-21 16:20:50 - 2013-03-21 16:21:00
Tag                                                  Avg(ms)         Min         Max     Std Dev       Count

Performance Statistics   2013-03-21 16:21:00 - 2013-03-21 16:21:10
Tag                                                  Avg(ms)         Min         Max     Std Dev       Count

Performance Statistics   2013-03-21 16:21:10 - 2013-03-21 16:21:20
Tag                                                  Avg(ms)         Min         Max     Std Dev       Count

Performance Statistics   2013-03-21 16:21:20 - 2013-03-21 16:21:30
Tag                                                  Avg(ms)         Min         Max     Std Dev       Count

Performance Statistics   2013-03-21 16:21:30 - 2013-03-21 16:21:40
Tag                                                  Avg(ms)         Min         Max     Std Dev       Count

Performance Statistics   2013-03-21 16:21:40 - 2013-03-21 16:21:50
Tag                                                  Avg(ms)         Min         Max     Std Dev       Count

Performance Statistics   2013-03-21 16:21:50 - 2013-03-21 16:22:00
Tag                                                  Avg(ms)         Min         Max     Std Dev       Count

Performance Statistics   2013-03-21 16:22:00 - 2013-03-21 16:22:10
Tag                                                  Avg(ms)         Min         Max     Std Dev       Count

Performance Statistics   2013-03-21 16:22:10 - 2013-03-21 16:22:20
Tag                                                  Avg(ms)         Min         Max     Std Dev       Count

Performance Statistics   2013-03-21 16:22:20 - 2013-03-21 16:22:30
Tag                                                  Avg(ms)         Min         Max     Std Dev       Count

Performance Statistics   2013-03-21 16:22:30 - 2013-03-21 16:22:40
Tag                                                  Avg(ms)         Min         Max     Std Dev       Count

Performance Statistics   2013-03-21 16:22:40 - 2013-03-21 16:22:50
Tag                                                  Avg(ms)         Min         Max     Std Dev       Count

Performance Statistics   2013-03-21 16:22:50 - 2013-03-21 16:23:00
Tag                                                  Avg(ms)         Min         Max     Std Dev       Count

Performance Statistics   2013-03-21 16:23:00 - 2013-03-21 16:23:10
Tag                                                  Avg(ms)         Min         Max     Std Dev       Count

Performance Statistics   2013-03-21 16:23:10 - 2013-03-21 16:23:20
Tag                                                  Avg(ms)         Min         Max     Std Dev       Count

Performance Statistics   2013-03-21 16:23:20 - 2013-03-21 16:23:30
Tag                                                  Avg(ms)         Min         Max     Std Dev       Count

Performance Statistics   2013-03-21 16:23:30 - 2013-03-21 16:23:40
Tag                                                  Avg(ms)         Min         Max     Std Dev       Count

Performance Statistics   2013-03-21 16:23:40 - 2013-03-21 16:23:50
Tag                                                  Avg(ms)         Min         Max     Std Dev       Count

Performance Statistics   2013-03-21 16:23:50 - 2013-03-21 16:24:00
Tag                                                  Avg(ms)         Min         Max     Std Dev       Count

Performance Statistics   2013-03-21 16:24:00 - 2013-03-21 16:24:10
Tag                                                  Avg(ms)         Min         Max     Std Dev       Count

Performance Statistics   2013-03-21 16:24:10 - 2013-03-21 16:24:20
Tag                                                  Avg(ms)         Min         Max     Std Dev       Count

Performance Statistics   2013-03-21 16:24:20 - 2013-03-21 16:24:30
Tag                                                  Avg(ms)         Min         Max     Std Dev       Count

Performance Statistics   2013-03-21 16:24:30 - 2013-03-21 16:24:40
Tag                                                  Avg(ms)         Min         Max     Std Dev       Count

Performance Statistics   2013-03-21 16:24:40 - 2013-03-21 16:24:50
Tag                                                  Avg(ms)         Min         Max     Std Dev       Count

Performance Statistics   2013-03-21 16:24:50 - 2013-03-21 16:25:00
Tag                                                  Avg(ms)         Min         Max     Std Dev       Count

Performance Statistics   2013-03-21 16:25:00 - 2013-03-21 16:25:10
Tag                                                  Avg(ms)         Min         Max     Std Dev       Count

Performance Statistics   2013-03-21 16:25:10 - 2013-03-21 16:25:20
Tag                                                  Avg(ms)         Min         Max     Std Dev       Count

Performance Statistics   2013-03-21 16:25:20 - 2013-03-21 16:25:30
Tag                                                  Avg(ms)         Min         Max     Std Dev       Count

Performance Statistics   2013-03-21 16:25:30 - 2013-03-21 16:25:40
Tag                                                  Avg(ms)         Min         Max     Std Dev       Count

Performance Statistics   2013-03-21 16:25:40 - 2013-03-21 16:25:50
Tag                                                  Avg(ms)         Min         Max     Std Dev       Count

Performance Statistics   2013-03-21 16:25:50 - 2013-03-21 16:26:00
Tag                                                  Avg(ms)         Min         Max     Std Dev       Count

Performance Statistics   2013-03-21 16:26:00 - 2013-03-21 16:26:10
Tag                                                  Avg(ms)         Min         Max     Std Dev       Count

Performance Statistics   2013-03-21 16:26:10 - 2013-03-21 16:26:20
Tag                                                  Avg(ms)         Min         Max     Std Dev       Count

Performance Statistics   2013-03-21 16:26:20 - 2013-03-21 16:26:30
Tag                                                  Avg(ms)         Min         Max     Std Dev       Count

Performance Statistics   2013-03-21 16:26:30 - 2013-03-21 16:26:40
Tag                                                  Avg(ms)         Min         Max     Std Dev       Count

Performance Statistics   2013-03-21 16:26:40 - 2013-03-21 16:26:50
Tag                                                  Avg(ms)         Min         Max     Std Dev       Count

Performance Statistics   2013-03-21 16:26:50 - 2013-03-21 16:27:00
Tag                                                  Avg(ms)         Min         Max     Std Dev       Count

Performance Statistics   2013-03-21 16:27:00 - 2013-03-21 16:27:10
Tag                                                  Avg(ms)         Min         Max     Std Dev       Count

Performance Statistics   2013-03-21 16:27:10 - 2013-03-21 16:27:20
Tag                                                  Avg(ms)         Min         Max     Std Dev       Count

Performance Statistics   2013-03-21 16:27:20 - 2013-03-21 16:27:30
Tag                                                  Avg(ms)         Min         Max     Std Dev       Count

Performance Statistics   2013-03-21 16:27:30 - 2013-03-21 16:27:40
Tag                                                  Avg(ms)         Min         Max     Std Dev       Count

Performance Statistics   2013-03-21 16:27:40 - 2013-03-21 16:27:50
Tag                                                  Avg(ms)         Min         Max     Std Dev       Count

Performance Statistics   2013-03-21 16:27:50 - 2013-03-21 16:28:00
Tag                                                  Avg(ms)         Min         Max     Std Dev       Count

Performance Statistics   2013-03-21 16:28:00 - 2013-03-21 16:28:10
Tag                                                  Avg(ms)         Min         Max     Std Dev       Count

Performance Statistics   2013-03-21 16:28:10 - 2013-03-21 16:28:20
Tag                                                  Avg(ms)         Min         Max     Std Dev       Count

Performance Statistics   2013-03-21 16:28:20 - 2013-03-21 16:28:30
Tag                                                  Avg(ms)         Min         Max     Std Dev       Count

Performance Statistics   2013-03-21 16:28:30 - 2013-03-21 16:28:40
Tag                                                  Avg(ms)         Min         Max     Std Dev       Count

Performance Statistics   2013-03-21 16:28:40 - 2013-03-21 16:28:50
Tag                                                  Avg(ms)         Min         Max     Std Dev       Count

Performance Statistics   2013-03-21 16:28:50 - 2013-03-21 16:29:00
Tag                                                  Avg(ms)         Min         Max     Std Dev       Count

Performance Statistics   2013-03-21 16:29:00 - 2013-03-21 16:29:10
Tag                                                  Avg(ms)         Min         Max     Std Dev       Count

Performance Statistics   2013-03-21 16:29:10 - 2013-03-21 16:29:20
Tag                                                  Avg(ms)         Min         Max     Std Dev       Count

Performance Statistics   2013-03-21 16:29:20 - 2013-03-21 16:29:30
Tag                                                  Avg(ms)         Min         Max     Std Dev       Count

Performance Statistics   2013-03-21 16:29:30 - 2013-03-21 16:29:40
Tag                                                  Avg(ms)         Min         Max     Std Dev       Count

Performance Statistics   2013-03-21 16:29:40 - 2013-03-21 16:29:50
Tag                                                  Avg(ms)         Min         Max     Std Dev       Count

Performance Statistics   2013-03-21 16:29:50 - 2013-03-21 16:30:00
Tag                                                  Avg(ms)         Min         Max     Std Dev       Count

Performance Statistics   2013-03-21 16:30:00 - 2013-03-21 16:30:10
Tag                                                  Avg(ms)         Min         Max     Std Dev       Count

Performance Statistics   2013-03-21 16:30:10 - 2013-03-21 16:30:20
Tag                                                  Avg(ms)         Min         Max     Std Dev       Count

Performance Statistics   2013-03-21 16:30:20 - 2013-03-21 16:30:30
Tag                                                  Avg(ms)         Min         Max     Std Dev       Count

Performance Statistics   2013-03-21 16:30:30 - 2013-03-21 16:30:40
Tag                                                  Avg(ms)         Min         Max     Std Dev       Count

Performance Statistics   2013-03-21 16:30:40 - 2013-03-21 16:30:50
Tag                                                  Avg(ms)         Min         Max     Std Dev       Count

Performance Statistics   2013-03-21 16:30:50 - 2013-03-21 16:31:00
Tag                                                  Avg(ms)         Min         Max     Std Dev       Count

Performance Statistics   2013-03-21 16:31:00 - 2013-03-21 16:31:10
Tag                                                  Avg(ms)         Min         Max     Std Dev       Count

Performance Statistics   2013-03-21 16:31:10 - 2013-03-21 16:31:20
Tag                                                  Avg(ms)         Min         Max     Std Dev       Count

Performance Statistics   2013-03-21 16:31:20 - 2013-03-21 16:31:30
Tag                                                  Avg(ms)         Min         Max     Std Dev       Count

Performance Statistics   2013-03-21 16:31:30 - 2013-03-21 16:31:40
Tag                                                  Avg(ms)         Min         Max     Std Dev       Count

Performance Statistics   2013-03-21 16:31:40 - 2013-03-21 16:31:50
Tag                                                  Avg(ms)         Min         Max     Std Dev       Count

Performance Statistics   2013-03-21 16:31:50 - 2013-03-21 16:32:00
Tag                                                  Avg(ms)         Min         Max     Std Dev       Count

Performance Statistics   2013-03-21 16:32:00 - 2013-03-21 16:32:10
Tag                                                  Avg(ms)         Min         Max     Std Dev       Count

Performance Statistics   2013-03-21 16:32:10 - 2013-03-21 16:32:20
Tag                                                  Avg(ms)         Min         Max     Std Dev       Count

Performance Statistics   2013-03-21 16:32:20 - 2013-03-21 16:32:30
Tag                                                  Avg(ms)         Min         Max     Std Dev       Count

Performance Statistics   2013-03-21 16:32:30 - 2013-03-21 16:32:40
Tag                                                  Avg(ms)         Min         Max     Std Dev       Count

Performance Statistics   2013-03-21 16:32:40 - 2013-03-21 16:32:50
Tag                                                  Avg(ms)         Min         Max     Std Dev       Count

Performance Statistics   2013-03-21 16:32:50 - 2013-03-21 16:33:00
Tag                                                  Avg(ms)         Min         Max     Std Dev       Count

Performance Statistics   2013-03-21 16:33:00 - 2013-03-21 16:33:10
Tag                                                  Avg(ms)         Min         Max     Std Dev       Count

Performance Statistics   2013-03-21 16:33:10 - 2013-03-21 16:33:20
Tag                                                  Avg(ms)         Min         Max     Std Dev       Count

Performance Statistics   2013-03-21 16:33:20 - 2013-03-21 16:33:30
Tag                                                  Avg(ms)         Min         Max     Std Dev       Count

Performance Statistics   2013-03-21 16:33:30 - 2013-03-21 16:33:40
Tag                                                  Avg(ms)         Min         Max     Std Dev       Count

Performance Statistics   2013-03-21 16:33:40 - 2013-03-21 16:33:50
Tag                                                  Avg(ms)         Min         Max     Std Dev       Count

Performance Statistics   2013-03-21 16:33:50 - 2013-03-21 16:34:00
Tag                                                  Avg(ms)         Min         Max     Std Dev       Count

Performance Statistics   2013-03-21 16:34:00 - 2013-03-21 16:34:10
Tag                                                  Avg(ms)         Min         Max     Std Dev       Count

Performance Statistics   2013-03-21 16:34:10 - 2013-03-21 16:34:20
Tag                                                  Avg(ms)         Min         Max     Std Dev       Count

Performance Statistics   2013-03-21 16:34:20 - 2013-03-21 16:34:30
Tag                                                  Avg(ms)         Min         Max     Std Dev       Count

Performance Statistics   2013-03-21 16:34:30 - 2013-03-21 16:34:40
Tag                                                  Avg(ms)         Min         Max     Std Dev       Count

Performance Statistics   2013-03-21 16:34:40 - 2013-03-21 16:34:50
Tag                                                  Avg(ms)         Min         Max     Std Dev       Count

Performance Statistics   2013-03-21 16:34:50 - 2013-03-21 16:35:00
Tag                                                  Avg(ms)         Min         Max     Std Dev       Count

Performance Statistics   2013-03-21 16:35:00 - 2013-03-21 16:35:10
Tag                                                  Avg(ms)         Min         Max     Std Dev       Count

Performance Statistics   2013-03-21 16:35:10 - 2013-03-21 16:35:20
Tag                                                  Avg(ms)         Min         Max     Std Dev       Count

Performance Statistics   2013-03-21 16:35:20 - 2013-03-21 16:35:30
Tag                                                  Avg(ms)         Min         Max     Std Dev       Count

Performance Statistics   2013-03-22 08:33:40 - 2013-03-22 08:33:50
Tag                                                  Avg(ms)         Min         Max     Std Dev       Count
retrieveObjectStatForPath                              135.5          11         260       124.5           2

Performance Statistics   2013-03-22 08:33:50 - 2013-03-22 08:34:00
Tag                                                  Avg(ms)         Min         Max     Std Dev       Count

Performance Statistics   2013-03-22 08:34:00 - 2013-03-22 08:34:10
Tag                                                  Avg(ms)         Min         Max     Std Dev       Count

Performance Statistics   2013-03-22 08:34:10 - 2013-03-22 08:34:20
Tag                                                  Avg(ms)         Min         Max     Std Dev       Count

Performance Statistics   2013-03-22 08:34:20 - 2013-03-22 08:34:30
Tag                                                  Avg(ms)         Min         Max     Std Dev       Count

Performance Statistics   2013-03-22 08:34:30 - 2013-03-22 08:34:40
Tag                                                  Avg(ms)         Min         Max     Std Dev       Count

Performance Statistics   2013-03-22 08:34:40 - 2013-03-22 08:34:50
Tag                                                  Avg(ms)         Min         Max     Std Dev       Count

Performance Statistics   2013-03-22 08:34:50 - 2013-03-22 08:35:00
Tag                                                  Avg(ms)         Min         Max     Std Dev       Count

Performance Statistics   2013-03-22 08:35:00 - 2013-03-22 08:35:10
Tag                                                  Avg(ms)         Min         Max     Std Dev       Count

Performance Statistics   2013-03-22 08:35:10 - 2013-03-22 08:35:20
Tag                                                  Avg(ms)         Min         Max     Std Dev       Count

Performance Statistics   2013-03-22 08:35:20 - 2013-03-22 08:35:30
Tag                                                  Avg(ms)         Min         Max     Std Dev       Count

Performance Statistics   2013-03-22 08:35:30 - 2013-03-22 08:35:40
Tag                                                  Avg(ms)         Min         Max     Std Dev       Count

Performance Statistics   2013-03-22 08:37:30 - 2013-03-22 08:37:40
Tag                                                  Avg(ms)         Min         Max     Std Dev       Count
retrieveObjectStatForPath                               27.0           9          45        18.0           2

Performance Statistics   2013-03-22 08:39:10 - 2013-03-22 08:39:20
Tag                                                  Avg(ms)         Min         Max     Std Dev       Count
retrieveObjectStatForPath                               37.0           8          66        29.0           2

Performance Statistics   2013-03-22 08:39:40 - 2013-03-22 08:39:50
Tag                                                  Avg(ms)         Min         Max     Std Dev       Count
retrieveObjectStatForPath                               34.5          10          59        24.5           2

Performance Statistics   2013-03-22 08:39:50 - 2013-03-22 08:40:00
Tag                                                  Avg(ms)         Min         Max     Std Dev       Count
retrieveObjectStatForPath                                7.0           6           8         1.0           2

Performance Statistics   2013-03-22 08:40:00 - 2013-03-22 08:40:10
Tag                                                  Avg(ms)         Min         Max     Std Dev       Count
retrieveObjectStatForPath                                3.2           1          16         1.7         540

Performance Statistics   2013-03-22 08:40:10 - 2013-03-22 08:40:20
Tag                                                  Avg(ms)         Min         Max     Std Dev       Count
retrieveObjectStatForPath                                3.0           1          53         2.7         651

Performance Statistics   2013-03-22 08:40:20 - 2013-03-22 08:40:30
Tag                                                  Avg(ms)         Min         Max     Std Dev       Count
retrieveObjectStatForPath                                3.3           1          40         3.3         327

Performance Statistics   2013-03-22 08:42:00 - 2013-03-22 08:42:10
Tag                                                  Avg(ms)         Min         Max     Std Dev       Count
retrieveObjectStatForPath                               22.5           7          38        15.5           2

Performance Statistics   2013-03-22 08:42:10 - 2013-03-22 08:42:20
Tag                                                  Avg(ms)         Min         Max     Std Dev       Count

Performance Statistics   2013-03-22 08:42:20 - 2013-03-22 08:42:30
Tag                                                  Avg(ms)         Min         Max     Std Dev       Count
retrieveObjectStatForPath                                3.6           1          23         2.5         358

Performance Statistics   2013-03-22 08:42:30 - 2013-03-22 08:42:40
Tag                                                  Avg(ms)         Min         Max     Std Dev       Count
retrieveObjectStatForPath                                3.2           1          33         2.8         497

Performance Statistics   2013-03-22 08:42:40 - 2013-03-22 08:42:50
Tag                                                  Avg(ms)         Min         Max     Std Dev       Count
retrieveObjectStatForPath                                3.0           1          11         1.5         241

Performance Statistics   2013-03-22 08:42:50 - 2013-03-22 08:43:00
Tag                                                  Avg(ms)         Min         Max     Std Dev       Count
retrieveObjectStatForPath                                3.0           1          27         2.3         355

Performance Statistics   2013-03-22 08:43:00 - 2013-03-22 08:43:10
Tag                                                  Avg(ms)         Min         Max     Std Dev       Count
retrieveObjectStatForPath                                2.7           1           7         1.4          69

